app/build/outputs/logs/manifest-merger-debug-report.txt
-- Merging decision tree log ---
manifest
ADDED from src\main\AndroidManifest.xml:2:1-51:12
INJECTED from src\main\AndroidManifest.xml:2:1-51:12
INJECTED from src\main\AndroidManifest.xml:2:1-51:12
INJECTED from src\main\AndroidManifest.xml:2:1-51:12
MERGED from [androidx.multidex:multidex:2.0.0] AndroidManifest.xml:17:1-22:12
MERGED from [androidx.constraintlayout:constraintlayout:2.0.0-alpha3] AndroidManifest.xml:2:1-11:12
MERGED from [com.google.android.material:material:1.0.0-beta01] AndroidManifest.xml:17:1-24:12
MERGED from [com.airbnb.android:lottie:2.8.0] AndroidManifest.xml:2:1-13:12
MERGED from [androidx.appcompat:appcompat:1.1.0-alpha01] AndroidManifest.xml:17:1-22:12
MERGED from [org.jetbrains.anko:anko-commons:0.10.8] AndroidManifest.xml:2:1-13:12
MERGED from [com.google.firebase:firebase-firestore:18.0.0] AndroidManifest.xml:2:1-23:12
MERGED from [com.google.firebase:firebase-database:16.0.1] AndroidManifest.xml:2:1-8:12
MERGED from [androidx.room:room-runtime:2.1.0-alpha03] AndroidManifest.xml:17:1-28:12
MERGED from [com.github.lecho:hellocharts-library:1.5.8] AndroidManifest.xml:2:1-11:12
MERGED from [org.jetbrains.anko:commons-base:0.10.8] AndroidManifest.xml:2:1-11:12
MERGED from [com.google.firebase:firebase-auth-interop:16.0.1] AndroidManifest.xml:2:1-10:12
MERGED from [com.google.android.gms:play-services-base:16.0.1] AndroidManifest.xml:17:1-29:12
MERGED from [com.google.firebase:firebase-database-connection:16.0.1] AndroidManifest.xml:2:1-10:12
MERGED from [com.google.firebase:firebase-common:16.0.4] AndroidManifest.xml:2:1-17:12
MERGED from [com.google.android.gms:play-services-tasks:16.0.1] AndroidManifest.xml:2:1-9:12
MERGED from [com.google.android.gms:play-services-basement:16.0.1] AndroidManifest.xml:17:1-28:12
MERGED from [androidx.legacy:legacy-support-v4:1.0.0] AndroidManifest.xml:17:1-22:12
MERGED from [androidx.fragment:fragment:1.1.0-alpha02] AndroidManifest.xml:17:1-22:12
MERGED from [androidx.vectordrawable:vectordrawable-animated:1.0.0] AndroidManifest.xml:17:1-22:12
MERGED from [androidx.vectordrawable:vectordrawable:1.0.1] AndroidManifest.xml:17:1-22:12
MERGED from [androidx.recyclerview:recyclerview:1.0.0-rc01] AndroidManifest.xml:17:1-22:12
MERGED from [androidx.legacy:legacy-support-core-ui:1.0.0] AndroidManifest.xml:17:1-22:12
MERGED from [androidx.drawerlayout:drawerlayout:1.0.0] AndroidManifest.xml:17:1-22:12
MERGED from [androidx.transition:transition:1.0.0-beta01] AndroidManifest.xml:17:1-22:12
MERGED from [androidx.viewpager:viewpager:1.0.0] AndroidManifest.xml:17:1-22:12
MERGED from [androidx.legacy:legacy-support-core-utils:1.0.0] AndroidManifest.xml:17:1-22:12
MERGED from [androidx.loader:loader:1.0.0] AndroidManifest.xml:17:1-22:12
MERGED from [androidx.activity:activity:1.0.0-alpha02] AndroidManifest.xml:17:1-22:12
MERGED from [androidx.coordinatorlayout:coordinatorlayout:1.0.0] AndroidManifest.xml:17:1-22:12
MERGED from [androidx.slidingpanelayout:slidingpanelayout:1.0.0] AndroidManifest.xml:17:1-22:12
MERGED from [androidx.customview:customview:1.0.0] AndroidManifest.xml:17:1-22:12
MERGED from [androidx.swiperefreshlayout:swiperefreshlayout:1.0.0] AndroidManifest.xml:17:1-22:12
MERGED from [androidx.asynclayoutinflater:asynclayoutinflater:1.0.0] AndroidManifest.xml:17:1-22:12
MERGED from [androidx.media:media:1.0.0] AndroidManifest.xml:17:1-22:12
MERGED from [androidx.core:core:1.1.0-alpha01] AndroidManifest.xml:17:1-24:12
MERGED from [androidx.versionedparcelable:versionedparcelable:1.1.0-alpha01] AndroidManifest.xml:17:1-25:12
MERGED from [androidx.cursoradapter:cursoradapter:1.0.0] AndroidManifest.xml:17:1-22:12
MERGED from [androidx.cardview:cardview:1.0.0-beta01] AndroidManifest.xml:17:1-22:12
MERGED from [androidx.sqlite:sqlite-framework:2.0.0] AndroidManifest.xml:17:1-22:12
MERGED from [androidx.sqlite:sqlite:2.0.0] AndroidManifest.xml:17:1-22:12
MERGED from [androidx.lifecycle:lifecycle-livedata:2.0.0] AndroidManifest.xml:17:1-22:12
MERGED from [androidx.lifecycle:lifecycle-livedata-core:2.0.0] AndroidManifest.xml:17:1-22:12
MERGED from [androidx.arch.core:core-runtime:2.0.0] AndroidManifest.xml:17:1-22:12
MERGED from [androidx.lifecycle:lifecycle-viewmodel:2.0.0] AndroidManifest.xml:17:1-22:12
MERGED from [androidx.lifecycle:lifecycle-runtime:2.0.0] AndroidManifest.xml:17:1-22:12
MERGED from [androidx.interpolator:interpolator:1.0.0] AndroidManifest.xml:17:1-22:12
MERGED from [androidx.documentfile:documentfile:1.0.0] AndroidManifest.xml:17:1-22:12
MERGED from [androidx.localbroadcastmanager:localbroadcastmanager:1.0.0] AndroidManifest.xml:17:1-22:12
MERGED from [androidx.print:print:1.0.0] AndroidManifest.xml:17:1-22:12
MERGED from [com.google.firebase:firebase-database-collection:16.0.1] AndroidManifest.xml:2:1-7:12
MERGED from [com.google.firebase:protolite-well-known-types:16.0.1] AndroidManifest.xml:2:1-11:12
MERGED from [io.grpc:grpc-android:1.16.1] AndroidManifest.xml:2:1-13:12
INJECTED from src\main\AndroidManifest.xml:2:1-51:12
INJECTED from src\main\AndroidManifest.xml:2:1-51:12
INJECTED from src\main\AndroidManifest.xml:2:1-51:12
	package
		ADDED from src\main\AndroidManifest.xml:3:11-52
		INJECTED from src\main\AndroidManifest.xml
		INJECTED from src\main\AndroidManifest.xml
	android:versionName
		INJECTED from src\main\AndroidManifest.xml
		ADDED from src\main\AndroidManifest.xml:2:1-51:12
		INJECTED from src\main\AndroidManifest.xml
	android:versionCode
		INJECTED from src\main\AndroidManifest.xml
		ADDED from src\main\AndroidManifest.xml:2:1-51:12
		INJECTED from src\main\AndroidManifest.xml
	xmlns:android
		ADDED from src\main\AndroidManifest.xml:2:11-69
application
ADDED from src\main\AndroidManifest.xml:5:5-49:19
MERGED from [androidx.constraintlayout:constraintlayout:2.0.0-alpha3] AndroidManifest.xml:9:5-20
MERGED from [androidx.constraintlayout:constraintlayout:2.0.0-alpha3] AndroidManifest.xml:9:5-20
MERGED from [com.google.android.material:material:1.0.0-beta01] AndroidManifest.xml:22:5-20
MERGED from [com.google.android.material:material:1.0.0-beta01] AndroidManifest.xml:22:5-20
MERGED from [com.airbnb.android:lottie:2.8.0] AndroidManifest.xml:11:5-20
MERGED from [com.airbnb.android:lottie:2.8.0] AndroidManifest.xml:11:5-20
MERGED from [org.jetbrains.anko:anko-commons:0.10.8] AndroidManifest.xml:11:5-20
MERGED from [org.jetbrains.anko:anko-commons:0.10.8] AndroidManifest.xml:11:5-20
MERGED from [com.google.firebase:firebase-firestore:18.0.0] AndroidManifest.xml:15:5-21:19
MERGED from [com.google.firebase:firebase-firestore:18.0.0] AndroidManifest.xml:15:5-21:19
MERGED from [androidx.room:room-runtime:2.1.0-alpha03] AndroidManifest.xml:22:5-26:19
MERGED from [androidx.room:room-runtime:2.1.0-alpha03] AndroidManifest.xml:22:5-26:19
MERGED from [com.google.firebase:firebase-auth-interop:16.0.1] AndroidManifest.xml:7:5-8:19
MERGED from [com.google.firebase:firebase-auth-interop:16.0.1] AndroidManifest.xml:7:5-8:19
MERGED from [com.google.android.gms:play-services-base:16.0.1] AndroidManifest.xml:22:5-27:19
MERGED from [com.google.android.gms:play-services-base:16.0.1] AndroidManifest.xml:22:5-27:19
MERGED from [com.google.firebase:firebase-common:16.0.4] AndroidManifest.xml:9:5-15:19
MERGED from [com.google.firebase:firebase-common:16.0.4] AndroidManifest.xml:9:5-15:19
MERGED from [com.google.android.gms:play-services-tasks:16.0.1] AndroidManifest.xml:7:5-20
MERGED from [com.google.android.gms:play-services-tasks:16.0.1] AndroidManifest.xml:7:5-20
MERGED from [com.google.android.gms:play-services-basement:16.0.1] AndroidManifest.xml:22:5-26:19
MERGED from [com.google.android.gms:play-services-basement:16.0.1] AndroidManifest.xml:22:5-26:19
MERGED from [androidx.core:core:1.1.0-alpha01] AndroidManifest.xml:22:5-89
MERGED from [androidx.core:core:1.1.0-alpha01] AndroidManifest.xml:22:5-89
MERGED from [androidx.versionedparcelable:versionedparcelable:1.1.0-alpha01] AndroidManifest.xml:22:5-23:19
MERGED from [androidx.versionedparcelable:versionedparcelable:1.1.0-alpha01] AndroidManifest.xml:22:5-23:19
	android:appComponentFactory
		ADDED from [androidx.core:core:1.1.0-alpha01] AndroidManifest.xml:22:18-86
	android:supportsRtl
		ADDED from src\main\AndroidManifest.xml:10:13-39
	android:label
		ADDED from src\main\AndroidManifest.xml:8:13-45
	android:roundIcon
		ADDED from src\main\AndroidManifest.xml:9:13-58
	android:icon
		ADDED from src\main\AndroidManifest.xml:7:13-47
	android:allowBackup
		ADDED from src\main\AndroidManifest.xml:6:13-39
	android:theme
		ADDED from src\main\AndroidManifest.xml:11:13-44
activity#com.example.muguet.evolutivmind.views.ProfilActivity
ADDED from src\main\AndroidManifest.xml:12:9-13:20
	android:name
		ADDED from src\main\AndroidManifest.xml:12:19-55
activity#com.example.muguet.evolutivmind.views.OptionsActivity
ADDED from src\main\AndroidManifest.xml:14:9-18:20
	android:screenOrientation
		ADDED from src\main\AndroidManifest.xml:16:17-53
	android:theme
		ADDED from src\main\AndroidManifest.xml:17:17-60
	android:name
		ADDED from src\main\AndroidManifest.xml:15:17-54
activity#com.example.muguet.evolutivmind.views.LoginActivity
ADDED from src\main\AndroidManifest.xml:19:9-23:20
	android:screenOrientation
		ADDED from src\main\AndroidManifest.xml:21:17-53
	android:theme
		ADDED from src\main\AndroidManifest.xml:22:17-60
	android:name
		ADDED from src\main\AndroidManifest.xml:20:17-52
activity#com.example.muguet.evolutivmind.views.HubActivity
ADDED from src\main\AndroidManifest.xml:24:9-33:20
	android:screenOrientation
		ADDED from src\main\AndroidManifest.xml:26:17-53
	android:theme
		ADDED from src\main\AndroidManifest.xml:27:17-60
	android:name
		ADDED from src\main\AndroidManifest.xml:25:17-50
intent-filter#action:name:android.intent.action.MAIN+category:name:android.intent.category.LAUNCHER
ADDED from src\main\AndroidManifest.xml:28:13-32:29
action#android.intent.action.MAIN
ADDED from src\main\AndroidManifest.xml:29:17-68
	android:name
		ADDED from src\main\AndroidManifest.xml:29:25-66
category#android.intent.category.LAUNCHER
ADDED from src\main\AndroidManifest.xml:31:17-76
	android:name
		ADDED from src\main\AndroidManifest.xml:31:27-74
activity#com.example.muguet.evolutivmind.views.GamesActivity
ADDED from src\main\AndroidManifest.xml:34:9-38:20
	android:screenOrientation
		ADDED from src\main\AndroidManifest.xml:36:17-53
	android:theme
		ADDED from src\main\AndroidManifest.xml:37:17-60
	android:name
		ADDED from src\main\AndroidManifest.xml:35:17-52
activity#com.example.muguet.evolutivmind.views.ColorWordsActivity
ADDED from src\main\AndroidManifest.xml:39:9-43:20
	android:screenOrientation
		ADDED from src\main\AndroidManifest.xml:41:17-53
	android:theme
		ADDED from src\main\AndroidManifest.xml:42:17-60
	android:name
		ADDED from src\main\AndroidManifest.xml:40:17-57
activity#com.example.muguet.evolutivmind.views.MainActivity
ADDED from src\main\AndroidManifest.xml:44:9-48:20
	android:screenOrientation
		ADDED from src\main\AndroidManifest.xml:46:17-53
	android:theme
		ADDED from src\main\AndroidManifest.xml:47:17-60
	android:name
		ADDED from src\main\AndroidManifest.xml:45:17-51
uses-permission#android.permission.ACCESS_NETWORK_STATE
ADDED from src\main\AndroidManifest.xml:50:5-79
MERGED from [com.google.firebase:firebase-firestore:18.0.0] AndroidManifest.xml:12:5-79
MERGED from [com.google.firebase:firebase-firestore:18.0.0] AndroidManifest.xml:12:5-79
MERGED from [io.grpc:grpc-android:1.16.1] AndroidManifest.xml:11:5-79
MERGED from [io.grpc:grpc-android:1.16.1] AndroidManifest.xml:11:5-79
	android:name
		ADDED from src\main\AndroidManifest.xml:50:22-76
uses-sdk
INJECTED from src\main\AndroidManifest.xml reason: use-sdk injection requested
INJECTED from src\main\AndroidManifest.xml
INJECTED from src\main\AndroidManifest.xml
MERGED from [androidx.multidex:multidex:2.0.0] AndroidManifest.xml:20:5-43
MERGED from [androidx.multidex:multidex:2.0.0] AndroidManifest.xml:20:5-43
MERGED from [androidx.constraintlayout:constraintlayout:2.0.0-alpha3] AndroidManifest.xml:5:5-7:41
MERGED from [androidx.constraintlayout:constraintlayout:2.0.0-alpha3] AndroidManifest.xml:5:5-7:41
MERGED from [com.google.android.material:material:1.0.0-beta01] AndroidManifest.xml:20:5-44
MERGED from [com.google.android.material:material:1.0.0-beta01] AndroidManifest.xml:20:5-44
MERGED from [com.airbnb.android:lottie:2.8.0] AndroidManifest.xml:7:5-9:41
MERGED from [com.airbnb.android:lottie:2.8.0] AndroidManifest.xml:7:5-9:41
MERGED from [androidx.appcompat:appcompat:1.1.0-alpha01] AndroidManifest.xml:20:5-44
MERGED from [androidx.appcompat:appcompat:1.1.0-alpha01] AndroidManifest.xml:20:5-44
MERGED from [org.jetbrains.anko:anko-commons:0.10.8] AndroidManifest.xml:7:5-9:41
MERGED from [org.jetbrains.anko:anko-commons:0.10.8] AndroidManifest.xml:7:5-9:41
MERGED from [com.google.firebase:firebase-firestore:18.0.0] AndroidManifest.xml:6:5-8:41
MERGED from [com.google.firebase:firebase-firestore:18.0.0] AndroidManifest.xml:6:5-8:41
MERGED from [com.google.firebase:firebase-database:16.0.1] AndroidManifest.xml:6:5-44
MERGED from [com.google.firebase:firebase-database:16.0.1] AndroidManifest.xml:6:5-44
MERGED from [androidx.room:room-runtime:2.1.0-alpha03] AndroidManifest.xml:20:5-44
MERGED from [androidx.room:room-runtime:2.1.0-alpha03] AndroidManifest.xml:20:5-44
MERGED from [com.github.lecho:hellocharts-library:1.5.8] AndroidManifest.xml:7:5-9:41
MERGED from [com.github.lecho:hellocharts-library:1.5.8] AndroidManifest.xml:7:5-9:41
MERGED from [org.jetbrains.anko:commons-base:0.10.8] AndroidManifest.xml:7:5-9:41
MERGED from [org.jetbrains.anko:commons-base:0.10.8] AndroidManifest.xml:7:5-9:41
MERGED from [com.google.firebase:firebase-auth-interop:16.0.1] AndroidManifest.xml:5:5-44
MERGED from [com.google.firebase:firebase-auth-interop:16.0.1] AndroidManifest.xml:5:5-44
MERGED from [com.google.android.gms:play-services-base:16.0.1] AndroidManifest.xml:20:5-44
MERGED from [com.google.android.gms:play-services-base:16.0.1] AndroidManifest.xml:20:5-44
MERGED from [com.google.firebase:firebase-database-connection:16.0.1] AndroidManifest.xml:6:5-44
MERGED from [com.google.firebase:firebase-database-connection:16.0.1] AndroidManifest.xml:6:5-44
MERGED from [com.google.firebase:firebase-common:16.0.4] AndroidManifest.xml:5:5-7:41
MERGED from [com.google.firebase:firebase-common:16.0.4] AndroidManifest.xml:5:5-7:41
MERGED from [com.google.android.gms:play-services-tasks:16.0.1] AndroidManifest.xml:5:5-44
MERGED from [com.google.android.gms:play-services-tasks:16.0.1] AndroidManifest.xml:5:5-44
MERGED from [com.google.android.gms:play-services-basement:16.0.1] AndroidManifest.xml:20:5-44
MERGED from [com.google.android.gms:play-services-basement:16.0.1] AndroidManifest.xml:20:5-44
MERGED from [androidx.legacy:legacy-support-v4:1.0.0] AndroidManifest.xml:20:5-44
MERGED from [androidx.legacy:legacy-support-v4:1.0.0] AndroidManifest.xml:20:5-44
MERGED from [androidx.fragment:fragment:1.1.0-alpha02] AndroidManifest.xml:20:5-44
MERGED from [androidx.fragment:fragment:1.1.0-alpha02] AndroidManifest.xml:20:5-44
MERGED from [androidx.vectordrawable:vectordrawable-animated:1.0.0] AndroidManifest.xml:20:5-44
MERGED from [androidx.vectordrawable:vectordrawable-animated:1.0.0] AndroidManifest.xml:20:5-44
MERGED from [androidx.vectordrawable:vectordrawable:1.0.1] AndroidManifest.xml:20:5-44
MERGED from [androidx.vectordrawable:vectordrawable:1.0.1] AndroidManifest.xml:20:5-44
MERGED from [androidx.recyclerview:recyclerview:1.0.0-rc01] AndroidManifest.xml:20:5-44
MERGED from [androidx.recyclerview:recyclerview:1.0.0-rc01] AndroidManifest.xml:20:5-44
MERGED from [androidx.legacy:legacy-support-core-ui:1.0.0] AndroidManifest.xml:20:5-44
MERGED from [androidx.legacy:legacy-support-core-ui:1.0.0] AndroidManifest.xml:20:5-44
MERGED from [androidx.drawerlayout:drawerlayout:1.0.0] AndroidManifest.xml:20:5-44
MERGED from [androidx.drawerlayout:drawerlayout:1.0.0] AndroidManifest.xml:20:5-44
MERGED from [androidx.transition:transition:1.0.0-beta01] AndroidManifest.xml:20:5-44
MERGED from [androidx.transition:transition:1.0.0-beta01] AndroidManifest.xml:20:5-44
MERGED from [androidx.viewpager:viewpager:1.0.0] AndroidManifest.xml:20:5-44
MERGED from [androidx.viewpager:viewpager:1.0.0] AndroidManifest.xml:20:5-44
MERGED from [androidx.legacy:legacy-support-core-utils:1.0.0] AndroidManifest.xml:20:5-44
MERGED from [androidx.legacy:legacy-support-core-utils:1.0.0] AndroidManifest.xml:20:5-44
MERGED from [androidx.loader:loader:1.0.0] AndroidManifest.xml:20:5-44
MERGED from [androidx.loader:loader:1.0.0] AndroidManifest.xml:20:5-44
MERGED from [androidx.activity:activity:1.0.0-alpha02] AndroidManifest.xml:20:5-44
MERGED from [androidx.activity:activity:1.0.0-alpha02] AndroidManifest.xml:20:5-44
MERGED from [androidx.coordinatorlayout:coordinatorlayout:1.0.0] AndroidManifest.xml:20:5-44
MERGED from [androidx.coordinatorlayout:coordinatorlayout:1.0.0] AndroidManifest.xml:20:5-44
MERGED from [androidx.slidingpanelayout:slidingpanelayout:1.0.0] AndroidManifest.xml:20:5-44
MERGED from [androidx.slidingpanelayout:slidingpanelayout:1.0.0] AndroidManifest.xml:20:5-44
MERGED from [androidx.customview:customview:1.0.0] AndroidManifest.xml:20:5-44
MERGED from [androidx.customview:customview:1.0.0] AndroidManifest.xml:20:5-44
MERGED from [androidx.swiperefreshlayout:swiperefreshlayout:1.0.0] AndroidManifest.xml:20:5-44
MERGED from [androidx.swiperefreshlayout:swiperefreshlayout:1.0.0] AndroidManifest.xml:20:5-44
MERGED from [androidx.asynclayoutinflater:asynclayoutinflater:1.0.0] AndroidManifest.xml:20:5-44
MERGED from [androidx.asynclayoutinflater:asynclayoutinflater:1.0.0] AndroidManifest.xml:20:5-44
MERGED from [androidx.media:media:1.0.0] AndroidManifest.xml:20:5-44
MERGED from [androidx.media:media:1.0.0] AndroidManifest.xml:20:5-44
MERGED from [androidx.core:core:1.1.0-alpha01] AndroidManifest.xml:20:5-44
MERGED from [androidx.core:core:1.1.0-alpha01] AndroidManifest.xml:20:5-44
MERGED from [androidx.versionedparcelable:versionedparcelable:1.1.0-alpha01] AndroidManifest.xml:20:5-44
MERGED from [androidx.versionedparcelable:versionedparcelable:1.1.0-alpha01] AndroidManifest.xml:20:5-44
MERGED from [androidx.cursoradapter:cursoradapter:1.0.0] AndroidManifest.xml:20:5-44
MERGED from [androidx.cursoradapter:cursoradapter:1.0.0] AndroidManifest.xml:20:5-44
MERGED from [androidx.cardview:cardview:1.0.0-beta01] AndroidManifest.xml:20:5-44
MERGED from [androidx.cardview:cardview:1.0.0-beta01] AndroidManifest.xml:20:5-44
MERGED from [androidx.sqlite:sqlite-framework:2.0.0] AndroidManifest.xml:20:5-44
MERGED from [androidx.sqlite:sqlite-framework:2.0.0] AndroidManifest.xml:20:5-44
MERGED from [androidx.sqlite:sqlite:2.0.0] AndroidManifest.xml:20:5-44
MERGED from [androidx.sqlite:sqlite:2.0.0] AndroidManifest.xml:20:5-44
MERGED from [androidx.lifecycle:lifecycle-livedata:2.0.0] AndroidManifest.xml:20:5-44
MERGED from [androidx.lifecycle:lifecycle-livedata:2.0.0] AndroidManifest.xml:20:5-44
MERGED from [androidx.lifecycle:lifecycle-livedata-core:2.0.0] AndroidManifest.xml:20:5-44
MERGED from [androidx.lifecycle:lifecycle-livedata-core:2.0.0] AndroidManifest.xml:20:5-44
MERGED from [androidx.arch.core:core-runtime:2.0.0] AndroidManifest.xml:20:5-44
MERGED from [androidx.arch.core:core-runtime:2.0.0] AndroidManifest.xml:20:5-44
MERGED from [androidx.lifecycle:lifecycle-viewmodel:2.0.0] AndroidManifest.xml:20:5-44
MERGED from [androidx.lifecycle:lifecycle-viewmodel:2.0.0] AndroidManifest.xml:20:5-44
MERGED from [androidx.lifecycle:lifecycle-runtime:2.0.0] AndroidManifest.xml:20:5-44
MERGED from [androidx.lifecycle:lifecycle-runtime:2.0.0] AndroidManifest.xml:20:5-44
MERGED from [androidx.interpolator:interpolator:1.0.0] AndroidManifest.xml:20:5-44
MERGED from [androidx.interpolator:interpolator:1.0.0] AndroidManifest.xml:20:5-44
MERGED from [androidx.documentfile:documentfile:1.0.0] AndroidManifest.xml:20:5-44
MERGED from [androidx.documentfile:documentfile:1.0.0] AndroidManifest.xml:20:5-44
MERGED from [androidx.localbroadcastmanager:localbroadcastmanager:1.0.0] AndroidManifest.xml:20:5-44
MERGED from [androidx.localbroadcastmanager:localbroadcastmanager:1.0.0] AndroidManifest.xml:20:5-44
MERGED from [androidx.print:print:1.0.0] AndroidManifest.xml:20:5-44
MERGED from [androidx.print:print:1.0.0] AndroidManifest.xml:20:5-44
MERGED from [com.google.firebase:firebase-database-collection:16.0.1] AndroidManifest.xml:5:5-44
MERGED from [com.google.firebase:firebase-database-collection:16.0.1] AndroidManifest.xml:5:5-44
MERGED from [com.google.firebase:protolite-well-known-types:16.0.1] AndroidManifest.xml:7:5-9:41
MERGED from [com.google.firebase:protolite-well-known-types:16.0.1] AndroidManifest.xml:7:5-9:41
MERGED from [io.grpc:grpc-android:1.16.1] AndroidManifest.xml:7:5-9:41
MERGED from [io.grpc:grpc-android:1.16.1] AndroidManifest.xml:7:5-9:41
INJECTED from src\main\AndroidManifest.xml
INJECTED from src\main\AndroidManifest.xml
	android:targetSdkVersion
		INJECTED from src\main\AndroidManifest.xml
		ADDED from src\main\AndroidManifest.xml
		INJECTED from src\main\AndroidManifest.xml
	android:minSdkVersion
		INJECTED from src\main\AndroidManifest.xml
		ADDED from src\main\AndroidManifest.xml
		INJECTED from src\main\AndroidManifest.xml
uses-permission#android.permission.INTERNET
ADDED from [com.google.firebase:firebase-firestore:18.0.0] AndroidManifest.xml:13:5-67
MERGED from [com.google.firebase:firebase-database-connection:16.0.1] AndroidManifest.xml:8:5-67
MERGED from [com.google.firebase:firebase-database-connection:16.0.1] AndroidManifest.xml:8:5-67
	android:name
		ADDED from [com.google.firebase:firebase-firestore:18.0.0] AndroidManifest.xml:13:22-64
service#com.google.firebase.components.ComponentDiscoveryService
ADDED from [com.google.firebase:firebase-firestore:18.0.0] AndroidManifest.xml:16:9-20:19
	android:name
		ADDED from [com.google.firebase:firebase-firestore:18.0.0] AndroidManifest.xml:16:18-89
meta-data#com.google.firebase.components:com.google.firebase.firestore.FirestoreRegistrar
ADDED from [com.google.firebase:firebase-firestore:18.0.0] AndroidManifest.xml:17:13-19:85
	android:value
		ADDED from [com.google.firebase:firebase-firestore:18.0.0] AndroidManifest.xml:19:17-82
	android:name
		ADDED from [com.google.firebase:firebase-firestore:18.0.0] AndroidManifest.xml:18:17-111
service#androidx.room.MultiInstanceInvalidationService
ADDED from [androidx.room:room-runtime:2.1.0-alpha03] AndroidManifest.xml:23:9-25:40
	android:exported
		ADDED from [androidx.room:room-runtime:2.1.0-alpha03] AndroidManifest.xml:25:13-37
	android:name
		ADDED from [androidx.room:room-runtime:2.1.0-alpha03] AndroidManifest.xml:24:13-74
activity#com.google.android.gms.common.api.GoogleApiActivity
ADDED from [com.google.android.gms:play-services-base:16.0.1] AndroidManifest.xml:23:9-26:75
	android:exported
		ADDED from [com.google.android.gms:play-services-base:16.0.1] AndroidManifest.xml:25:13-37
	android:theme
		ADDED from [com.google.android.gms:play-services-base:16.0.1] AndroidManifest.xml:26:13-72
	android:name
		ADDED from [com.google.android.gms:play-services-base:16.0.1] AndroidManifest.xml:24:13-79
provider#com.google.firebase.provider.FirebaseInitProvider
ADDED from [com.google.firebase:firebase-common:16.0.4] AndroidManifest.xml:10:9-14:39
	android:authorities
		ADDED from [com.google.firebase:firebase-common:16.0.4] AndroidManifest.xml:12:13-72
	android:exported
		ADDED from [com.google.firebase:firebase-common:16.0.4] AndroidManifest.xml:13:13-37
	android:initOrder
		ADDED from [com.google.firebase:firebase-common:16.0.4] AndroidManifest.xml:14:13-36
	android:name
		ADDED from [com.google.firebase:firebase-common:16.0.4] AndroidManifest.xml:11:13-77
meta-data#com.google.android.gms.version
ADDED from [com.google.android.gms:play-services-basement:16.0.1] AndroidManifest.xml:23:9-25:69
	android:value
		ADDED from [com.google.android.gms:play-services-basement:16.0.1] AndroidManifest.xml:25:13-66
	android:name
		ADDED from [com.google.android.gms:play-services-basement:16.0.1] AndroidManifest.xml:24:13-58